# JRE version: OpenJDK Runtime Environment (8.0_112-b06) (build 1.8.0_112-release-b06)
# Java VM: OpenJDK 64-Bit Server VM (25.112-b06 mixed mode windows-amd64 compressed oops)
Heap:
 PSYoungGen      total 417792K, used 318976K [0x00000000e0000000, 0x0000000100000000, 0x0000000100000000)
  eden space 318976K, 100% used [0x00000000e0000000,0x00000000f3780000,0x00000000f3780000)
  from space 98816K, 0% used [0x00000000f3780000,0x00000000f3780000,0x00000000f9800000)
  to   space 96256K, 0% used [0x00000000fa200000,0x00000000fa200000,0x0000000100000000)
 ParOldGen       total 1048576K, used 1048279K [0x00000000a0000000, 0x00000000e0000000, 0x00000000e0000000)
  object space 1048576K, 99% used [0x00000000a0000000,0x00000000dffb5ed0,0x00000000e0000000)
 Metaspace       used 60003K, capacity 62524K, committed 62848K, reserved 1103872K
  class space    used 7908K, capacity 8453K, committed 8576K, reserved 1048576K
GC Heap History (10 events):
Event: 54.833 GC heap after
Heap after GC invocations=44 (full 11):
 PSYoungGen      total 417792K, used 134782K [0x00000000e0000000, 0x0000000100000000, 0x0000000100000000)
  eden space 318976K, 42% used [0x00000000e0000000,0x00000000e839f8f8,0x00000000f3780000)
  from space 98816K, 0% used [0x00000000f3780000,0x00000000f3780000,0x00000000f9800000)
  to   space 96256K, 0% used [0x00000000fa200000,0x00000000fa200000,0x0000000100000000)
 ParOldGen       total 1048576K, used 1048530K [0x00000000a0000000, 0x00000000e0000000, 0x00000000e0000000)
  object space 1048576K, 99% used [0x00000000a0000000,0x00000000dfff4a60,0x00000000e0000000)
 Metaspace       used 59798K, capacity 62300K, committed 62464K, reserved 1103872K
  class space    used 7897K, capacity 8421K, committed 8448K, reserved 1048576K
}
Event: 54.936 GC heap before
{Heap before GC invocations=45 (full 12):
 PSYoungGen      total 417792K, used 318976K [0x00000000e0000000, 0x0000000100000000, 0x0000000100000000)
  eden space 318976K, 100% used [0x00000000e0000000,0x00000000f3780000,0x00000000f3780000)
  from space 98816K, 0% used [0x00000000f3780000,0x00000000f3780000,0x00000000f9800000)
  to   space 96256K, 0% used [0x00000000fa200000,0x00000000fa200000,0x0000000100000000)
 ParOldGen       total 1048576K, used 1048530K [0x00000000a0000000, 0x00000000e0000000, 0x00000000e0000000)
  object space 1048576K, 99% used [0x00000000a0000000,0x00000000dfff4a60,0x00000000e0000000)
 Metaspace       used 59800K, capacity 62300K, committed 62464K, reserved 1103872K
  class space    used 7897K, capacity 8421K, committed 8448K, reserved 1048576K
Event: 57.065 GC heap after
Heap after GC invocations=45 (full 12):
 PSYoungGen      total 417792K, used 163494K [0x00000000e0000000, 0x0000000100000000, 0x0000000100000000)
  eden space 318976K, 51% used [0x00000000e0000000,0x00000000e9fa9a68,0x00000000f3780000)
  from space 98816K, 0% used [0x00000000f3780000,0x00000000f3780000,0x00000000f9800000)
  to   space 96256K, 0% used [0x00000000fa200000,0x00000000fa200000,0x0000000100000000)
 ParOldGen       total 1048576K, used 1048517K [0x00000000a0000000, 0x00000000e0000000, 0x00000000e0000000)
  object space 1048576K, 99% used [0x00000000a0000000,0x00000000dfff17a0,0x00000000e0000000)
 Metaspace       used 59800K, capacity 62300K, committed 62464K, reserved 1103872K
  class space    used 7897K, capacity 8421K, committed 8448K, reserved 1048576K
}
Event: 57.173 GC heap before
{Heap before GC invocations=46 (full 13):
 PSYoungGen      total 417792K, used 318976K [0x00000000e0000000, 0x0000000100000000, 0x0000000100000000)
  eden space 318976K, 100% used [0x00000000e0000000,0x00000000f3780000,0x00000000f3780000)
  from space 98816K, 0% used [0x00000000f3780000,0x00000000f3780000,0x00000000f9800000)
  to   space 96256K, 0% used [0x00000000fa200000,0x00000000fa200000,0x0000000100000000)
 ParOldGen       total 1048576K, used 1048517K [0x00000000a0000000, 0x00000000e0000000, 0x00000000e0000000)
  object space 1048576K, 99% used [0x00000000a0000000,0x00000000dfff17a0,0x00000000e0000000)
 Metaspace       used 59940K, capacity 62460K, committed 62592K, reserved 1103872K
  class space    used 7908K, capacity 8453K, committed 8576K, reserved 1048576K
Event: 59.268 GC heap after
Heap after GC invocations=46 (full 13):
 PSYoungGen      total 417792K, used 181968K [0x00000000e0000000, 0x0000000100000000, 0x0000000100000000)
  eden space 318976K, 57% used [0x00000000e0000000,0x00000000eb1b43f8,0x00000000f3780000)
  from space 98816K, 0% used [0x00000000f3780000,0x00000000f3780000,0x00000000f9800000)
  to   space 96256K, 0% used [0x00000000fa200000,0x00000000fa200000,0x0000000100000000)
 ParOldGen       total 1048576K, used 1048531K [0x00000000a0000000, 0x00000000e0000000, 0x00000000e0000000)
  object space 1048576K, 99% used [0x00000000a0000000,0x00000000dfff4cf0,0x00000000e0000000)
 Metaspace       used 59940K, capacity 62460K, committed 62592K, reserved 1103872K
  class space    used 7908K, capacity 8453K, committed 8576K, reserved 1048576K
}
Event: 59.360 GC heap before
{Heap before GC invocations=47 (full 14):
 PSYoungGen      total 417792K, used 318976K [0x00000000e0000000, 0x0000000100000000, 0x0000000100000000)
  eden space 318976K, 100% used [0x00000000e0000000,0x00000000f3780000,0x00000000f3780000)
  from space 98816K, 0% used [0x00000000f3780000,0x00000000f3780000,0x00000000f9800000)
  to   space 96256K, 0% used [0x00000000fa200000,0x00000000fa200000,0x0000000100000000)
 ParOldGen       total 1048576K, used 1048531K [0x00000000a0000000, 0x00000000e0000000, 0x00000000e0000000)
  object space 1048576K, 99% used [0x00000000a0000000,0x00000000dfff4cf0,0x00000000e0000000)
 Metaspace       used 59994K, capacity 62524K, committed 62848K, reserved 1103872K
  class space    used 7908K, capacity 8453K, committed 8576K, reserved 1048576K
Event: 60.547 GC heap after
Heap after GC invocations=47 (full 14):
 PSYoungGen      total 417792K, used 191354K [0x00000000e0000000, 0x0000000100000000, 0x0000000100000000)
  eden space 318976K, 59% used [0x00000000e0000000,0x00000000ebade840,0x00000000f3780000)
  from space 98816K, 0% used [0x00000000f3780000,0x00000000f3780000,0x00000000f9800000)
  to   space 96256K, 0% used [0x00000000fa200000,0x00000000fa200000,0x0000000100000000)
 ParOldGen       total 1048576K, used 1048436K [0x00000000a0000000, 0x00000000e0000000, 0x00000000e0000000)
  object space 1048576K, 99% used [0x00000000a0000000,0x00000000dffdd320,0x00000000e0000000)
 Metaspace       used 59994K, capacity 62524K, committed 62848K, reserved 1103872K
  class space    used 7908K, capacity 8453K, committed 8576K, reserved 1048576K
}
Event: 60.719 GC heap before
{Heap before GC invocations=48 (full 15):
 PSYoungGen      total 417792K, used 318976K [0x00000000e0000000, 0x0000000100000000, 0x0000000100000000)
  eden space 318976K, 100% used [0x00000000e0000000,0x00000000f3780000,0x00000000f3780000)
  from space 98816K, 0% used [0x00000000f3780000,0x00000000f3780000,0x00000000f9800000)
  to   space 96256K, 0% used [0x00000000fa200000,0x00000000fa200000,0x0000000100000000)
 ParOldGen       total 1048576K, used 1048436K [0x00000000a0000000, 0x00000000e0000000, 0x00000000e0000000)
  object space 1048576K, 99% used [0x00000000a0000000,0x00000000dffdd320,0x00000000e0000000)
 Metaspace       used 60001K, capacity 62524K, committed 62848K, reserved 1103872K
  class space    used 7908K, capacity 8453K, committed 8576K, reserved 1048576K
Event: 61.913 GC heap after
Heap after GC invocations=48 (full 15):
 PSYoungGen      total 417792K, used 191833K [0x00000000e0000000, 0x0000000100000000, 0x0000000100000000)
  eden space 318976K, 60% used [0x00000000e0000000,0x00000000ebb566c8,0x00000000f3780000)
  from space 98816K, 0% used [0x00000000f3780000,0x00000000f3780000,0x00000000f9800000)
  to   space 96256K, 0% used [0x00000000fa200000,0x00000000fa200000,0x0000000100000000)
 ParOldGen       total 1048576K, used 1048279K [0x00000000a0000000, 0x00000000e0000000, 0x00000000e0000000)
  object space 1048576K, 99% used [0x00000000a0000000,0x00000000dffb5ed0,0x00000000e0000000)
 Metaspace       used 60001K, capacity 62524K, committed 62848K, reserved 1103872K
  class space    used 7908K, capacity 8453K, committed 8576K, reserved 1048576K
}
Event: 62.010 GC heap before
{Heap before GC invocations=49 (full 16):
 PSYoungGen      total 417792K, used 318976K [0x00000000e0000000, 0x0000000100000000, 0x0000000100000000)
  eden space 318976K, 100% used [0x00000000e0000000,0x00000000f3780000,0x00000000f3780000)
  from space 98816K, 0% used [0x00000000f3780000,0x00000000f3780000,0x00000000f9800000)
  to   space 96256K, 0% used [0x00000000fa200000,0x00000000fa200000,0x0000000100000000)
 ParOldGen       total 1048576K, used 1048279K [0x00000000a0000000, 0x00000000e0000000, 0x00000000e0000000)
  object space 1048576K, 99% used [0x00000000a0000000,0x00000000dffb5ed0,0x00000000e0000000)
 Metaspace       used 60003K, capacity 62524K, committed 62848K, reserved 1103872K
  class space    used 7908K, capacity 8453K, committed 8576K, reserved 1048576K

