# JRE version: OpenJDK Runtime Environment (8.0_112-b06) (build 1.8.0_112-release-b06)
# Java VM: OpenJDK 64-Bit Server VM (25.112-b06 mixed mode windows-amd64 compressed oops)
Heap:
 PSYoungGen      total 349696K, used 175104K [0x00000000e0000000, 0x0000000100000000, 0x0000000100000000)
  eden space 175104K, 100% used [0x00000000e0000000,0x00000000eab00000,0x00000000eab00000)
  from space 174592K, 0% used [0x00000000f5580000,0x00000000f5580000,0x0000000100000000)
  to   space 174592K, 0% used [0x00000000eab00000,0x00000000eab00000,0x00000000f5580000)
 ParOldGen       total 1048576K, used 1048455K [0x00000000a0000000, 0x00000000e0000000, 0x00000000e0000000)
  object space 1048576K, 99% used [0x00000000a0000000,0x00000000dffe1d78,0x00000000e0000000)
 Metaspace       used 70151K, capacity 72928K, committed 74112K, reserved 1114112K
  class space    used 8855K, capacity 9359K, committed 9600K, reserved 1048576K
GC Heap History (10 events):
Event: 1231.369 GC heap after
Heap after GC invocations=107 (full 12):
 PSYoungGen      total 349696K, used 133050K [0x00000000e0000000, 0x0000000100000000, 0x0000000100000000)
  eden space 175104K, 0% used [0x00000000e0000000,0x00000000e0000000,0x00000000eab00000)
  from space 174592K, 76% used [0x00000000eab00000,0x00000000f2cee8b8,0x00000000f5580000)
  to   space 174592K, 0% used [0x00000000f5580000,0x00000000f5580000,0x0000000100000000)
 ParOldGen       total 1048576K, used 966516K [0x00000000a0000000, 0x00000000e0000000, 0x00000000e0000000)
  object space 1048576K, 92% used [0x00000000a0000000,0x00000000dafdd378,0x00000000e0000000)
 Metaspace       used 70641K, capacity 73736K, committed 74112K, reserved 1114112K
  class space    used 8932K, capacity 9501K, committed 9600K, reserved 1048576K
}
Event: 1231.460 GC heap before
{Heap before GC invocations=108 (full 12):
 PSYoungGen      total 349696K, used 308154K [0x00000000e0000000, 0x0000000100000000, 0x0000000100000000)
  eden space 175104K, 100% used [0x00000000e0000000,0x00000000eab00000,0x00000000eab00000)
  from space 174592K, 76% used [0x00000000eab00000,0x00000000f2cee8b8,0x00000000f5580000)
  to   space 174592K, 0% used [0x00000000f5580000,0x00000000f5580000,0x0000000100000000)
 ParOldGen       total 1048576K, used 966516K [0x00000000a0000000, 0x00000000e0000000, 0x00000000e0000000)
  object space 1048576K, 92% used [0x00000000a0000000,0x00000000dafdd378,0x00000000e0000000)
 Metaspace       used 70642K, capacity 73736K, committed 74112K, reserved 1114112K
  class space    used 8932K, capacity 9501K, committed 9600K, reserved 1048576K
Event: 1231.541 GC heap after
Heap after GC invocations=108 (full 12):
 PSYoungGen      total 349696K, used 107339K [0x00000000e0000000, 0x0000000100000000, 0x0000000100000000)
  eden space 175104K, 0% used [0x00000000e0000000,0x00000000e0000000,0x00000000eab00000)
  from space 174592K, 61% used [0x00000000f5580000,0x00000000fbe52c60,0x0000000100000000)
  to   space 174592K, 0% used [0x00000000eab00000,0x00000000eab00000,0x00000000f5580000)
 ParOldGen       total 1048576K, used 1015302K [0x00000000a0000000, 0x00000000e0000000, 0x00000000e0000000)
  object space 1048576K, 96% used [0x00000000a0000000,0x00000000ddf81960,0x00000000e0000000)
 Metaspace       used 70642K, capacity 73736K, committed 74112K, reserved 1114112K
  class space    used 8932K, capacity 9501K, committed 9600K, reserved 1048576K
}
Event: 1231.541 GC heap before
{Heap before GC invocations=109 (full 13):
 PSYoungGen      total 349696K, used 107339K [0x00000000e0000000, 0x0000000100000000, 0x0000000100000000)
  eden space 175104K, 0% used [0x00000000e0000000,0x00000000e0000000,0x00000000eab00000)
  from space 174592K, 61% used [0x00000000f5580000,0x00000000fbe52c60,0x0000000100000000)
  to   space 174592K, 0% used [0x00000000eab00000,0x00000000eab00000,0x00000000f5580000)
 ParOldGen       total 1048576K, used 1015302K [0x00000000a0000000, 0x00000000e0000000, 0x00000000e0000000)
  object space 1048576K, 96% used [0x00000000a0000000,0x00000000ddf81960,0x00000000e0000000)
 Metaspace       used 70642K, capacity 73736K, committed 74112K, reserved 1114112K
  class space    used 8932K, capacity 9501K, committed 9600K, reserved 1048576K
Event: 1234.713 GC heap after
Heap after GC invocations=109 (full 13):
 PSYoungGen      total 349696K, used 55839K [0x00000000e0000000, 0x0000000100000000, 0x0000000100000000)
  eden space 175104K, 0% used [0x00000000e0000000,0x00000000e0000000,0x00000000eab00000)
  from space 174592K, 31% used [0x00000000f5580000,0x00000000f8c07ce8,0x0000000100000000)
  to   space 174592K, 0% used [0x00000000eab00000,0x00000000eab00000,0x00000000f5580000)
 ParOldGen       total 1048576K, used 1048391K [0x00000000a0000000, 0x00000000e0000000, 0x00000000e0000000)
  object space 1048576K, 99% used [0x00000000a0000000,0x00000000dffd1fe0,0x00000000e0000000)
 Metaspace       used 70497K, capacity 73500K, committed 74112K, reserved 1114112K
  class space    used 8909K, capacity 9457K, committed 9600K, reserved 1048576K
}
Event: 1234.784 GC heap before
{Heap before GC invocations=110 (full 14):
 PSYoungGen      total 349696K, used 230943K [0x00000000e0000000, 0x0000000100000000, 0x0000000100000000)
  eden space 175104K, 100% used [0x00000000e0000000,0x00000000eab00000,0x00000000eab00000)
  from space 174592K, 31% used [0x00000000f5580000,0x00000000f8c07ce8,0x0000000100000000)
  to   space 174592K, 0% used [0x00000000eab00000,0x00000000eab00000,0x00000000f5580000)
 ParOldGen       total 1048576K, used 1048391K [0x00000000a0000000, 0x00000000e0000000, 0x00000000e0000000)
  object space 1048576K, 99% used [0x00000000a0000000,0x00000000dffd1fe0,0x00000000e0000000)
 Metaspace       used 70497K, capacity 73500K, committed 74112K, reserved 1114112K
  class space    used 8909K, capacity 9457K, committed 9600K, reserved 1048576K
Event: 1236.742 GC heap after
Heap after GC invocations=110 (full 14):
 PSYoungGen      total 349696K, used 74441K [0x00000000e0000000, 0x0000000100000000, 0x0000000100000000)
  eden space 175104K, 42% used [0x00000000e0000000,0x00000000e48b2610,0x00000000eab00000)
  from space 174592K, 0% used [0x00000000f5580000,0x00000000f5580000,0x0000000100000000)
  to   space 174592K, 0% used [0x00000000eab00000,0x00000000eab00000,0x00000000f5580000)
 ParOldGen       total 1048576K, used 1048565K [0x00000000a0000000, 0x00000000e0000000, 0x00000000e0000000)
  object space 1048576K, 99% used [0x00000000a0000000,0x00000000dfffd4f0,0x00000000e0000000)
 Metaspace       used 70149K, capacity 72928K, committed 74112K, reserved 1114112K
  class space    used 8855K, capacity 9359K, committed 9600K, reserved 1048576K
}
Event: 1236.787 GC heap before
{Heap before GC invocations=111 (full 15):
 PSYoungGen      total 349696K, used 175104K [0x00000000e0000000, 0x0000000100000000, 0x0000000100000000)
  eden space 175104K, 100% used [0x00000000e0000000,0x00000000eab00000,0x00000000eab00000)
  from space 174592K, 0% used [0x00000000f5580000,0x00000000f5580000,0x0000000100000000)
  to   space 174592K, 0% used [0x00000000eab00000,0x00000000eab00000,0x00000000f5580000)
 ParOldGen       total 1048576K, used 1048565K [0x00000000a0000000, 0x00000000e0000000, 0x00000000e0000000)
  object space 1048576K, 99% used [0x00000000a0000000,0x00000000dfffd4f0,0x00000000e0000000)
 Metaspace       used 70149K, capacity 72928K, committed 74112K, reserved 1114112K
  class space    used 8855K, capacity 9359K, committed 9600K, reserved 1048576K
Event: 1240.075 GC heap after
Heap after GC invocations=111 (full 15):
 PSYoungGen      total 349696K, used 89056K [0x00000000e0000000, 0x0000000100000000, 0x0000000100000000)
  eden space 175104K, 50% used [0x00000000e0000000,0x00000000e56f83e8,0x00000000eab00000)
  from space 174592K, 0% used [0x00000000f5580000,0x00000000f5580000,0x0000000100000000)
  to   space 174592K, 0% used [0x00000000eab00000,0x00000000eab00000,0x00000000f5580000)
 ParOldGen       total 1048576K, used 1048455K [0x00000000a0000000, 0x00000000e0000000, 0x00000000e0000000)
  object space 1048576K, 99% used [0x00000000a0000000,0x00000000dffe1d78,0x00000000e0000000)
 Metaspace       used 70149K, capacity 72928K, committed 74112K, reserved 1114112K
  class space    used 8855K, capacity 9359K, committed 9600K, reserved 1048576K
}
Event: 1240.114 GC heap before
{Heap before GC invocations=112 (full 16):
 PSYoungGen      total 349696K, used 175104K [0x00000000e0000000, 0x0000000100000000, 0x0000000100000000)
  eden space 175104K, 100% used [0x00000000e0000000,0x00000000eab00000,0x00000000eab00000)
  from space 174592K, 0% used [0x00000000f5580000,0x00000000f5580000,0x0000000100000000)
  to   space 174592K, 0% used [0x00000000eab00000,0x00000000eab00000,0x00000000f5580000)
 ParOldGen       total 1048576K, used 1048455K [0x00000000a0000000, 0x00000000e0000000, 0x00000000e0000000)
  object space 1048576K, 99% used [0x00000000a0000000,0x00000000dffe1d78,0x00000000e0000000)
 Metaspace       used 70151K, capacity 72928K, committed 74112K, reserved 1114112K
  class space    used 8855K, capacity 9359K, committed 9600K, reserved 1048576K

