# JRE version: OpenJDK Runtime Environment (8.0_112-b06) (build 1.8.0_112-release-b06)
# Java VM: OpenJDK 64-Bit Server VM (25.112-b06 mixed mode windows-amd64 compressed oops)
Heap:
 PSYoungGen      total 419328K, used 321536K [0x00000000e0000000, 0x0000000100000000, 0x0000000100000000)
  eden space 321536K, 100% used [0x00000000e0000000,0x00000000f3a00000,0x00000000f3a00000)
  from space 97792K, 0% used [0x00000000f3a00000,0x00000000f3a00000,0x00000000f9980000)
  to   space 95232K, 0% used [0x00000000fa300000,0x00000000fa300000,0x0000000100000000)
 ParOldGen       total 1048576K, used 1048214K [0x00000000a0000000, 0x00000000e0000000, 0x00000000e0000000)
  object space 1048576K, 99% used [0x00000000a0000000,0x00000000dffa5a40,0x00000000e0000000)
 Metaspace       used 58495K, capacity 60186K, committed 62464K, reserved 1103872K
  class space    used 7570K, capacity 7920K, committed 8448K, reserved 1048576K
GC Heap History (10 events):
Event: 533.483 GC heap after
Heap after GC invocations=41 (full 8):
 PSYoungGen      total 419328K, used 29919K [0x00000000e0000000, 0x0000000100000000, 0x0000000100000000)
  eden space 321536K, 9% used [0x00000000e0000000,0x00000000e1d37f08,0x00000000f3a00000)
  from space 97792K, 0% used [0x00000000f3a00000,0x00000000f3a00000,0x00000000f9980000)
  to   space 95232K, 0% used [0x00000000fa300000,0x00000000fa300000,0x0000000100000000)
 ParOldGen       total 1048576K, used 1048530K [0x00000000a0000000, 0x00000000e0000000, 0x00000000e0000000)
  object space 1048576K, 99% used [0x00000000a0000000,0x00000000dfff4898,0x00000000e0000000)
 Metaspace       used 59777K, capacity 62312K, committed 62464K, reserved 1103872K
  class space    used 7889K, capacity 8415K, committed 8448K, reserved 1048576K
}
Event: 533.653 GC heap before
{Heap before GC invocations=42 (full 9):
 PSYoungGen      total 419328K, used 321536K [0x00000000e0000000, 0x0000000100000000, 0x0000000100000000)
  eden space 321536K, 100% used [0x00000000e0000000,0x00000000f3a00000,0x00000000f3a00000)
  from space 97792K, 0% used [0x00000000f3a00000,0x00000000f3a00000,0x00000000f9980000)
  to   space 95232K, 0% used [0x00000000fa300000,0x00000000fa300000,0x0000000100000000)
 ParOldGen       total 1048576K, used 1048530K [0x00000000a0000000, 0x00000000e0000000, 0x00000000e0000000)
  object space 1048576K, 99% used [0x00000000a0000000,0x00000000dfff4898,0x00000000e0000000)
 Metaspace       used 59791K, capacity 62312K, committed 62464K, reserved 1103872K
  class space    used 7890K, capacity 8415K, committed 8448K, reserved 1048576K
Event: 534.624 GC heap after
Heap after GC invocations=42 (full 9):
 PSYoungGen      total 419328K, used 49699K [0x00000000e0000000, 0x0000000100000000, 0x0000000100000000)
  eden space 321536K, 15% used [0x00000000e0000000,0x00000000e3088d28,0x00000000f3a00000)
  from space 97792K, 0% used [0x00000000f3a00000,0x00000000f3a00000,0x00000000f9980000)
  to   space 95232K, 0% used [0x00000000fa300000,0x00000000fa300000,0x0000000100000000)
 ParOldGen       total 1048576K, used 1048209K [0x00000000a0000000, 0x00000000e0000000, 0x00000000e0000000)
  object space 1048576K, 99% used [0x00000000a0000000,0x00000000dffa4438,0x00000000e0000000)
 Metaspace       used 58292K, capacity 59962K, committed 62464K, reserved 1103872K
  class space    used 7559K, capacity 7888K, committed 8448K, reserved 1048576K
}
Event: 534.790 GC heap before
{Heap before GC invocations=43 (full 10):
 PSYoungGen      total 419328K, used 321536K [0x00000000e0000000, 0x0000000100000000, 0x0000000100000000)
  eden space 321536K, 100% used [0x00000000e0000000,0x00000000f3a00000,0x00000000f3a00000)
  from space 97792K, 0% used [0x00000000f3a00000,0x00000000f3a00000,0x00000000f9980000)
  to   space 95232K, 0% used [0x00000000fa300000,0x00000000fa300000,0x0000000100000000)
 ParOldGen       total 1048576K, used 1048209K [0x00000000a0000000, 0x00000000e0000000, 0x00000000e0000000)
  object space 1048576K, 99% used [0x00000000a0000000,0x00000000dffa4438,0x00000000e0000000)
 Metaspace       used 58295K, capacity 59962K, committed 62464K, reserved 1103872K
  class space    used 7559K, capacity 7888K, committed 8448K, reserved 1048576K
Event: 537.684 GC heap after
Heap after GC invocations=43 (full 10):
 PSYoungGen      total 419328K, used 84972K [0x00000000e0000000, 0x0000000100000000, 0x0000000100000000)
  eden space 321536K, 26% used [0x00000000e0000000,0x00000000e52fb300,0x00000000f3a00000)
  from space 97792K, 0% used [0x00000000f3a00000,0x00000000f3a00000,0x00000000f9980000)
  to   space 95232K, 0% used [0x00000000fa300000,0x00000000fa300000,0x0000000100000000)
 ParOldGen       total 1048576K, used 1048176K [0x00000000a0000000, 0x00000000e0000000, 0x00000000e0000000)
  object space 1048576K, 99% used [0x00000000a0000000,0x00000000dff9c238,0x00000000e0000000)
 Metaspace       used 58295K, capacity 59962K, committed 62464K, reserved 1103872K
  class space    used 7559K, capacity 7888K, committed 8448K, reserved 1048576K
}
Event: 537.815 GC heap before
{Heap before GC invocations=44 (full 11):
 PSYoungGen      total 419328K, used 321536K [0x00000000e0000000, 0x0000000100000000, 0x0000000100000000)
  eden space 321536K, 100% used [0x00000000e0000000,0x00000000f3a00000,0x00000000f3a00000)
  from space 97792K, 0% used [0x00000000f3a00000,0x00000000f3a00000,0x00000000f9980000)
  to   space 95232K, 0% used [0x00000000fa300000,0x00000000fa300000,0x0000000100000000)
 ParOldGen       total 1048576K, used 1048176K [0x00000000a0000000, 0x00000000e0000000, 0x00000000e0000000)
  object space 1048576K, 99% used [0x00000000a0000000,0x00000000dff9c238,0x00000000e0000000)
 Metaspace       used 58395K, capacity 60058K, committed 62464K, reserved 1103872K
  class space    used 7569K, capacity 7920K, committed 8448K, reserved 1048576K
Event: 540.954 GC heap after
Heap after GC invocations=44 (full 11):
 PSYoungGen      total 419328K, used 124312K [0x00000000e0000000, 0x0000000100000000, 0x0000000100000000)
  eden space 321536K, 38% used [0x00000000e0000000,0x00000000e79660f8,0x00000000f3a00000)
  from space 97792K, 0% used [0x00000000f3a00000,0x00000000f3a00000,0x00000000f9980000)
  to   space 95232K, 0% used [0x00000000fa300000,0x00000000fa300000,0x0000000100000000)
 ParOldGen       total 1048576K, used 1048563K [0x00000000a0000000, 0x00000000e0000000, 0x00000000e0000000)
  object space 1048576K, 99% used [0x00000000a0000000,0x00000000dfffcdf8,0x00000000e0000000)
 Metaspace       used 58395K, capacity 60058K, committed 62464K, reserved 1103872K
  class space    used 7569K, capacity 7920K, committed 8448K, reserved 1048576K
}
Event: 541.066 GC heap before
{Heap before GC invocations=45 (full 12):
 PSYoungGen      total 419328K, used 321536K [0x00000000e0000000, 0x0000000100000000, 0x0000000100000000)
  eden space 321536K, 100% used [0x00000000e0000000,0x00000000f3a00000,0x00000000f3a00000)
  from space 97792K, 0% used [0x00000000f3a00000,0x00000000f3a00000,0x00000000f9980000)
  to   space 95232K, 0% used [0x00000000fa300000,0x00000000fa300000,0x0000000100000000)
 ParOldGen       total 1048576K, used 1048563K [0x00000000a0000000, 0x00000000e0000000, 0x00000000e0000000)
  object space 1048576K, 99% used [0x00000000a0000000,0x00000000dfffcdf8,0x00000000e0000000)
 Metaspace       used 58485K, capacity 60186K, committed 62464K, reserved 1103872K
  class space    used 7570K, capacity 7920K, committed 8448K, reserved 1048576K
Event: 542.279 GC heap after
Heap after GC invocations=45 (full 12):
 PSYoungGen      total 419328K, used 148694K [0x00000000e0000000, 0x0000000100000000, 0x0000000100000000)
  eden space 321536K, 46% used [0x00000000e0000000,0x00000000e91358d8,0x00000000f3a00000)
  from space 97792K, 0% used [0x00000000f3a00000,0x00000000f3a00000,0x00000000f9980000)
  to   space 95232K, 0% used [0x00000000fa300000,0x00000000fa300000,0x0000000100000000)
 ParOldGen       total 1048576K, used 1048214K [0x00000000a0000000, 0x00000000e0000000, 0x00000000e0000000)
  object space 1048576K, 99% used [0x00000000a0000000,0x00000000dffa5a40,0x00000000e0000000)
 Metaspace       used 58485K, capacity 60186K, committed 62464K, reserved 1103872K
  class space    used 7570K, capacity 7920K, committed 8448K, reserved 1048576K
}
Event: 542.401 GC heap before
{Heap before GC invocations=46 (full 13):
 PSYoungGen      total 419328K, used 321536K [0x00000000e0000000, 0x0000000100000000, 0x0000000100000000)
  eden space 321536K, 100% used [0x00000000e0000000,0x00000000f3a00000,0x00000000f3a00000)
  from space 97792K, 0% used [0x00000000f3a00000,0x00000000f3a00000,0x00000000f9980000)
  to   space 95232K, 0% used [0x00000000fa300000,0x00000000fa300000,0x0000000100000000)
 ParOldGen       total 1048576K, used 1048214K [0x00000000a0000000, 0x00000000e0000000, 0x00000000e0000000)
  object space 1048576K, 99% used [0x00000000a0000000,0x00000000dffa5a40,0x00000000e0000000)
 Metaspace       used 58495K, capacity 60186K, committed 62464K, reserved 1103872K
  class space    used 7570K, capacity 7920K, committed 8448K, reserved 1048576K

