# JRE version: OpenJDK Runtime Environment (8.0_112-b06) (build 1.8.0_112-release-b06)
# Java VM: OpenJDK 64-Bit Server VM (25.112-b06 mixed mode windows-amd64 compressed oops)
Heap:
 PSYoungGen      total 375808K, used 80831K [0x00000000e0000000, 0x0000000100000000, 0x0000000100000000)
  eden space 273408K, 0% used [0x00000000e0000000,0x00000000e0000000,0x00000000f0b00000)
  from space 102400K, 78% used [0x00000000f9c00000,0x00000000feaefc00,0x0000000100000000)
  to   space 125440K, 0% used [0x00000000f0b00000,0x00000000f0b00000,0x00000000f8580000)
 ParOldGen       total 1048576K, used 953941K [0x00000000a0000000, 0x00000000e0000000, 0x00000000e0000000)
  object space 1048576K, 90% used [0x00000000a0000000,0x00000000da395408,0x00000000e0000000)
 Metaspace       used 53221K, capacity 54722K, committed 54784K, reserved 1097728K
  class space    used 7036K, capacity 7414K, committed 7424K, reserved 1048576K
GC Heap History (10 events):
Event: 24.025 GC heap after
Heap after GC invocations=33 (full 5):
 PSYoungGen      total 412672K, used 82930K [0x00000000e0000000, 0x0000000100000000, 0x0000000100000000)
  eden space 329728K, 0% used [0x00000000e0000000,0x00000000e0000000,0x00000000f4200000)
  from space 82944K, 99% used [0x00000000fad80000,0x00000000ffe7c938,0x00000000ffe80000)
  to   space 97280K, 0% used [0x00000000f4200000,0x00000000f4200000,0x00000000fa100000)
 ParOldGen       total 1048576K, used 775506K [0x00000000a0000000, 0x00000000e0000000, 0x00000000e0000000)
  object space 1048576K, 73% used [0x00000000a0000000,0x00000000cf554be8,0x00000000e0000000)
 Metaspace       used 53202K, capacity 54722K, committed 54784K, reserved 1097728K
  class space    used 7036K, capacity 7414K, committed 7424K, reserved 1048576K
}
Event: 24.359 GC heap before
{Heap before GC invocations=34 (full 5):
 PSYoungGen      total 412672K, used 412658K [0x00000000e0000000, 0x0000000100000000, 0x0000000100000000)
  eden space 329728K, 100% used [0x00000000e0000000,0x00000000f4200000,0x00000000f4200000)
  from space 82944K, 99% used [0x00000000fad80000,0x00000000ffe7c938,0x00000000ffe80000)
  to   space 97280K, 0% used [0x00000000f4200000,0x00000000f4200000,0x00000000fa100000)
 ParOldGen       total 1048576K, used 775506K [0x00000000a0000000, 0x00000000e0000000, 0x00000000e0000000)
  object space 1048576K, 73% used [0x00000000a0000000,0x00000000cf554be8,0x00000000e0000000)
 Metaspace       used 53202K, capacity 54722K, committed 54784K, reserved 1097728K
  class space    used 7036K, capacity 7414K, committed 7424K, reserved 1048576K
Event: 24.459 GC heap after
Heap after GC invocations=34 (full 5):
 PSYoungGen      total 427008K, used 48794K [0x00000000e0000000, 0x0000000100000000, 0x0000000100000000)
  eden space 329728K, 0% used [0x00000000e0000000,0x00000000e0000000,0x00000000f4200000)
  from space 97280K, 50% used [0x00000000f4200000,0x00000000f71a6880,0x00000000fa100000)
  to   space 93184K, 0% used [0x00000000fa500000,0x00000000fa500000,0x0000000100000000)
 ParOldGen       total 1048576K, used 858613K [0x00000000a0000000, 0x00000000e0000000, 0x00000000e0000000)
  object space 1048576K, 81% used [0x00000000a0000000,0x00000000d467d688,0x00000000e0000000)
 Metaspace       used 53202K, capacity 54722K, committed 54784K, reserved 1097728K
  class space    used 7036K, capacity 7414K, committed 7424K, reserved 1048576K
}
Event: 24.745 GC heap before
{Heap before GC invocations=35 (full 5):
 PSYoungGen      total 427008K, used 378522K [0x00000000e0000000, 0x0000000100000000, 0x0000000100000000)
  eden space 329728K, 100% used [0x00000000e0000000,0x00000000f4200000,0x00000000f4200000)
  from space 97280K, 50% used [0x00000000f4200000,0x00000000f71a6880,0x00000000fa100000)
  to   space 93184K, 0% used [0x00000000fa500000,0x00000000fa500000,0x0000000100000000)
 ParOldGen       total 1048576K, used 858613K [0x00000000a0000000, 0x00000000e0000000, 0x00000000e0000000)
  object space 1048576K, 81% used [0x00000000a0000000,0x00000000d467d688,0x00000000e0000000)
 Metaspace       used 53202K, capacity 54722K, committed 54784K, reserved 1097728K
  class space    used 7036K, capacity 7414K, committed 7424K, reserved 1048576K
Event: 24.797 GC heap after
Heap after GC invocations=35 (full 5):
 PSYoungGen      total 412672K, used 87157K [0x00000000e0000000, 0x0000000100000000, 0x0000000100000000)
  eden space 319488K, 0% used [0x00000000e0000000,0x00000000e0000000,0x00000000f3800000)
  from space 93184K, 93% used [0x00000000fa500000,0x00000000ffa1d710,0x0000000100000000)
  to   space 102400K, 0% used [0x00000000f3800000,0x00000000f3800000,0x00000000f9c00000)
 ParOldGen       total 1048576K, used 858613K [0x00000000a0000000, 0x00000000e0000000, 0x00000000e0000000)
  object space 1048576K, 81% used [0x00000000a0000000,0x00000000d467d688,0x00000000e0000000)
 Metaspace       used 53202K, capacity 54722K, committed 54784K, reserved 1097728K
  class space    used 7036K, capacity 7414K, committed 7424K, reserved 1048576K
}
Event: 25.072 GC heap before
{Heap before GC invocations=36 (full 5):
 PSYoungGen      total 412672K, used 406645K [0x00000000e0000000, 0x0000000100000000, 0x0000000100000000)
  eden space 319488K, 100% used [0x00000000e0000000,0x00000000f3800000,0x00000000f3800000)
  from space 93184K, 93% used [0x00000000fa500000,0x00000000ffa1d710,0x0000000100000000)
  to   space 102400K, 0% used [0x00000000f3800000,0x00000000f3800000,0x00000000f9c00000)
 ParOldGen       total 1048576K, used 858613K [0x00000000a0000000, 0x00000000e0000000, 0x00000000e0000000)
  object space 1048576K, 81% used [0x00000000a0000000,0x00000000d467d688,0x00000000e0000000)
 Metaspace       used 53202K, capacity 54722K, committed 54784K, reserved 1097728K
  class space    used 7036K, capacity 7414K, committed 7424K, reserved 1048576K
Event: 25.143 GC heap after
Heap after GC invocations=36 (full 5):
 PSYoungGen      total 421888K, used 102388K [0x00000000e0000000, 0x0000000100000000, 0x0000000100000000)
  eden space 319488K, 0% used [0x00000000e0000000,0x00000000e0000000,0x00000000f3800000)
  from space 102400K, 99% used [0x00000000f3800000,0x00000000f9bfd240,0x00000000f9c00000)
  to   space 102400K, 0% used [0x00000000f9c00000,0x00000000f9c00000,0x0000000100000000)
 ParOldGen       total 1048576K, used 883795K [0x00000000a0000000, 0x00000000e0000000, 0x00000000e0000000)
  object space 1048576K, 84% used [0x00000000a0000000,0x00000000d5f14f30,0x00000000e0000000)
 Metaspace       used 53202K, capacity 54722K, committed 54784K, reserved 1097728K
  class space    used 7036K, capacity 7414K, committed 7424K, reserved 1048576K
}
Event: 25.439 GC heap before
{Heap before GC invocations=37 (full 5):
 PSYoungGen      total 421888K, used 421876K [0x00000000e0000000, 0x0000000100000000, 0x0000000100000000)
  eden space 319488K, 100% used [0x00000000e0000000,0x00000000f3800000,0x00000000f3800000)
  from space 102400K, 99% used [0x00000000f3800000,0x00000000f9bfd240,0x00000000f9c00000)
  to   space 102400K, 0% used [0x00000000f9c00000,0x00000000f9c00000,0x0000000100000000)
 ParOldGen       total 1048576K, used 883795K [0x00000000a0000000, 0x00000000e0000000, 0x00000000e0000000)
  object space 1048576K, 84% used [0x00000000a0000000,0x00000000d5f14f30,0x00000000e0000000)
 Metaspace       used 53221K, capacity 54722K, committed 54784K, reserved 1097728K
  class space    used 7036K, capacity 7414K, committed 7424K, reserved 1048576K
Event: 25.532 GC heap after
Heap after GC invocations=37 (full 5):
 PSYoungGen      total 375808K, used 80831K [0x00000000e0000000, 0x0000000100000000, 0x0000000100000000)
  eden space 273408K, 0% used [0x00000000e0000000,0x00000000e0000000,0x00000000f0b00000)
  from space 102400K, 78% used [0x00000000f9c00000,0x00000000feaefc00,0x0000000100000000)
  to   space 125440K, 0% used [0x00000000f0b00000,0x00000000f0b00000,0x00000000f8580000)
 ParOldGen       total 1048576K, used 953941K [0x00000000a0000000, 0x00000000e0000000, 0x00000000e0000000)
  object space 1048576K, 90% used [0x00000000a0000000,0x00000000da395408,0x00000000e0000000)
 Metaspace       used 53221K, capacity 54722K, committed 54784K, reserved 1097728K
  class space    used 7036K, capacity 7414K, committed 7424K, reserved 1048576K
}
Event: 25.532 GC heap before
{Heap before GC invocations=38 (full 6):
 PSYoungGen      total 375808K, used 80831K [0x00000000e0000000, 0x0000000100000000, 0x0000000100000000)
  eden space 273408K, 0% used [0x00000000e0000000,0x00000000e0000000,0x00000000f0b00000)
  from space 102400K, 78% used [0x00000000f9c00000,0x00000000feaefc00,0x0000000100000000)
  to   space 125440K, 0% used [0x00000000f0b00000,0x00000000f0b00000,0x00000000f8580000)
 ParOldGen       total 1048576K, used 953941K [0x00000000a0000000, 0x00000000e0000000, 0x00000000e0000000)
  object space 1048576K, 90% used [0x00000000a0000000,0x00000000da395408,0x00000000e0000000)
 Metaspace       used 53221K, capacity 54722K, committed 54784K, reserved 1097728K
  class space    used 7036K, capacity 7414K, committed 7424K, reserved 1048576K

