# JRE version: OpenJDK Runtime Environment (8.0_112-b06) (build 1.8.0_112-release-b06)
# Java VM: OpenJDK 64-Bit Server VM (25.112-b06 mixed mode windows-amd64 compressed oops)
Heap:
 PSYoungGen      total 349696K, used 127231K [0x00000000e0000000, 0x00000000ffe00000, 0x0000000100000000)
  eden space 175104K, 72% used [0x00000000e0000000,0x00000000e7c3ff10,0x00000000eab00000)
  from space 174592K, 0% used [0x00000000eab00000,0x00000000eab00000,0x00000000f5580000)
  to   space 172032K, 0% used [0x00000000f5600000,0x00000000f5600000,0x00000000ffe00000)
 ParOldGen       total 1048576K, used 1048251K [0x00000000a0000000, 0x00000000e0000000, 0x00000000e0000000)
  object space 1048576K, 99% used [0x00000000a0000000,0x00000000dffaefb8,0x00000000e0000000)
 Metaspace       used 53260K, capacity 54822K, committed 55040K, reserved 1097728K
  class space    used 7033K, capacity 7382K, committed 7424K, reserved 1048576K
GC Heap History (10 events):
Event: 34.896 GC heap before
{Heap before GC invocations=44 (full 7):
 PSYoungGen      total 349696K, used 228250K [0x00000000e0000000, 0x00000000ffe00000, 0x0000000100000000)
  eden space 175104K, 100% used [0x00000000e0000000,0x00000000eab00000,0x00000000eab00000)
  from space 174592K, 30% used [0x00000000eab00000,0x00000000edee6ad0,0x00000000f5580000)
  to   space 172032K, 0% used [0x00000000f5600000,0x00000000f5600000,0x00000000ffe00000)
 ParOldGen       total 1048576K, used 1048099K [0x00000000a0000000, 0x00000000e0000000, 0x00000000e0000000)
  object space 1048576K, 99% used [0x00000000a0000000,0x00000000dff88e38,0x00000000e0000000)
 Metaspace       used 53241K, capacity 54758K, committed 55040K, reserved 1097728K
  class space    used 7032K, capacity 7382K, committed 7424K, reserved 1048576K
Event: 37.982 GC heap after
Heap after GC invocations=44 (full 7):
 PSYoungGen      total 349696K, used 75144K [0x00000000e0000000, 0x00000000ffe00000, 0x0000000100000000)
  eden space 175104K, 42% used [0x00000000e0000000,0x00000000e4962260,0x00000000eab00000)
  from space 174592K, 0% used [0x00000000eab00000,0x00000000eab00000,0x00000000f5580000)
  to   space 172032K, 0% used [0x00000000f5600000,0x00000000f5600000,0x00000000ffe00000)
 ParOldGen       total 1048576K, used 1048526K [0x00000000a0000000, 0x00000000e0000000, 0x00000000e0000000)
  object space 1048576K, 99% used [0x00000000a0000000,0x00000000dfff3ab8,0x00000000e0000000)
 Metaspace       used 53241K, capacity 54758K, committed 55040K, reserved 1097728K
  class space    used 7032K, capacity 7382K, committed 7424K, reserved 1048576K
}
Event: 38.037 GC heap before
{Heap before GC invocations=45 (full 8):
 PSYoungGen      total 349696K, used 175104K [0x00000000e0000000, 0x00000000ffe00000, 0x0000000100000000)
  eden space 175104K, 100% used [0x00000000e0000000,0x00000000eab00000,0x00000000eab00000)
  from space 174592K, 0% used [0x00000000eab00000,0x00000000eab00000,0x00000000f5580000)
  to   space 172032K, 0% used [0x00000000f5600000,0x00000000f5600000,0x00000000ffe00000)
 ParOldGen       total 1048576K, used 1048526K [0x00000000a0000000, 0x00000000e0000000, 0x00000000e0000000)
  object space 1048576K, 99% used [0x00000000a0000000,0x00000000dfff3ab8,0x00000000e0000000)
 Metaspace       used 53241K, capacity 54758K, committed 55040K, reserved 1097728K
  class space    used 7032K, capacity 7382K, committed 7424K, reserved 1048576K
Event: 40.191 GC heap after
Heap after GC invocations=45 (full 8):
 PSYoungGen      total 349696K, used 87992K [0x00000000e0000000, 0x00000000ffe00000, 0x0000000100000000)
  eden space 175104K, 50% used [0x00000000e0000000,0x00000000e55ee170,0x00000000eab00000)
  from space 174592K, 0% used [0x00000000eab00000,0x00000000eab00000,0x00000000f5580000)
  to   space 172032K, 0% used [0x00000000f5600000,0x00000000f5600000,0x00000000ffe00000)
 ParOldGen       total 1048576K, used 1048526K [0x00000000a0000000, 0x00000000e0000000, 0x00000000e0000000)
  object space 1048576K, 99% used [0x00000000a0000000,0x00000000dfff3898,0x00000000e0000000)
 Metaspace       used 53241K, capacity 54758K, committed 55040K, reserved 1097728K
  class space    used 7032K, capacity 7382K, committed 7424K, reserved 1048576K
}
Event: 40.239 GC heap before
{Heap before GC invocations=46 (full 9):
 PSYoungGen      total 349696K, used 175104K [0x00000000e0000000, 0x00000000ffe00000, 0x0000000100000000)
  eden space 175104K, 100% used [0x00000000e0000000,0x00000000eab00000,0x00000000eab00000)
  from space 174592K, 0% used [0x00000000eab00000,0x00000000eab00000,0x00000000f5580000)
  to   space 172032K, 0% used [0x00000000f5600000,0x00000000f5600000,0x00000000ffe00000)
 ParOldGen       total 1048576K, used 1048526K [0x00000000a0000000, 0x00000000e0000000, 0x00000000e0000000)
  object space 1048576K, 99% used [0x00000000a0000000,0x00000000dfff3898,0x00000000e0000000)
 Metaspace       used 53242K, capacity 54758K, committed 55040K, reserved 1097728K
  class space    used 7032K, capacity 7382K, committed 7424K, reserved 1048576K
Event: 42.356 GC heap after
Heap after GC invocations=46 (full 9):
 PSYoungGen      total 349696K, used 98883K [0x00000000e0000000, 0x00000000ffe00000, 0x0000000100000000)
  eden space 175104K, 56% used [0x00000000e0000000,0x00000000e6090f48,0x00000000eab00000)
  from space 174592K, 0% used [0x00000000eab00000,0x00000000eab00000,0x00000000f5580000)
  to   space 172032K, 0% used [0x00000000f5600000,0x00000000f5600000,0x00000000ffe00000)
 ParOldGen       total 1048576K, used 1048252K [0x00000000a0000000, 0x00000000e0000000, 0x00000000e0000000)
  object space 1048576K, 99% used [0x00000000a0000000,0x00000000dffaf3e0,0x00000000e0000000)
 Metaspace       used 53242K, capacity 54758K, committed 55040K, reserved 1097728K
  class space    used 7032K, capacity 7382K, committed 7424K, reserved 1048576K
}
Event: 42.401 GC heap before
{Heap before GC invocations=47 (full 10):
 PSYoungGen      total 349696K, used 175104K [0x00000000e0000000, 0x00000000ffe00000, 0x0000000100000000)
  eden space 175104K, 100% used [0x00000000e0000000,0x00000000eab00000,0x00000000eab00000)
  from space 174592K, 0% used [0x00000000eab00000,0x00000000eab00000,0x00000000f5580000)
  to   space 172032K, 0% used [0x00000000f5600000,0x00000000f5600000,0x00000000ffe00000)
 ParOldGen       total 1048576K, used 1048252K [0x00000000a0000000, 0x00000000e0000000, 0x00000000e0000000)
  object space 1048576K, 99% used [0x00000000a0000000,0x00000000dffaf3e0,0x00000000e0000000)
 Metaspace       used 53251K, capacity 54758K, committed 55040K, reserved 1097728K
  class space    used 7033K, capacity 7382K, committed 7424K, reserved 1048576K
Event: 45.042 GC heap after
Heap after GC invocations=47 (full 10):
 PSYoungGen      total 349696K, used 112679K [0x00000000e0000000, 0x00000000ffe00000, 0x0000000100000000)
  eden space 175104K, 64% used [0x00000000e0000000,0x00000000e6e09e80,0x00000000eab00000)
  from space 174592K, 0% used [0x00000000eab00000,0x00000000eab00000,0x00000000f5580000)
  to   space 172032K, 0% used [0x00000000f5600000,0x00000000f5600000,0x00000000ffe00000)
 ParOldGen       total 1048576K, used 1048251K [0x00000000a0000000, 0x00000000e0000000, 0x00000000e0000000)
  object space 1048576K, 99% used [0x00000000a0000000,0x00000000dffaeff8,0x00000000e0000000)
 Metaspace       used 53251K, capacity 54758K, committed 55040K, reserved 1097728K
  class space    used 7033K, capacity 7382K, committed 7424K, reserved 1048576K
}
Event: 45.083 GC heap before
{Heap before GC invocations=48 (full 11):
 PSYoungGen      total 349696K, used 175104K [0x00000000e0000000, 0x00000000ffe00000, 0x0000000100000000)
  eden space 175104K, 100% used [0x00000000e0000000,0x00000000eab00000,0x00000000eab00000)
  from space 174592K, 0% used [0x00000000eab00000,0x00000000eab00000,0x00000000f5580000)
  to   space 172032K, 0% used [0x00000000f5600000,0x00000000f5600000,0x00000000ffe00000)
 ParOldGen       total 1048576K, used 1048251K [0x00000000a0000000, 0x00000000e0000000, 0x00000000e0000000)
  object space 1048576K, 99% used [0x00000000a0000000,0x00000000dffaeff8,0x00000000e0000000)
 Metaspace       used 53259K, capacity 54822K, committed 55040K, reserved 1097728K
  class space    used 7033K, capacity 7382K, committed 7424K, reserved 1048576K
Event: 45.828 GC heap after
Heap after GC invocations=48 (full 11):
 PSYoungGen      total 349696K, used 126147K [0x00000000e0000000, 0x00000000ffe00000, 0x0000000100000000)
  eden space 175104K, 72% used [0x00000000e0000000,0x00000000e7b30df0,0x00000000eab00000)
  from space 174592K, 0% used [0x00000000eab00000,0x00000000eab00000,0x00000000f5580000)
  to   space 172032K, 0% used [0x00000000f5600000,0x00000000f5600000,0x00000000ffe00000)
 ParOldGen       total 1048576K, used 1048251K [0x00000000a0000000, 0x00000000e0000000, 0x00000000e0000000)
  object space 1048576K, 99% used [0x00000000a0000000,0x00000000dffaefb8,0x00000000e0000000)
 Metaspace       used 53259K, capacity 54822K, committed 55040K, reserved 1097728K
  class space    used 7033K, capacity 7382K, committed 7424K, reserved 1048576K
}

