# JRE version: OpenJDK Runtime Environment (8.0_112-b06) (build 1.8.0_112-release-b06)
# Java VM: OpenJDK 64-Bit Server VM (25.112-b06 mixed mode windows-amd64 compressed oops)
Heap:
 PSYoungGen      total 349696K, used 175104K [0x00000000e0000000, 0x0000000100000000, 0x0000000100000000)
  eden space 175104K, 100% used [0x00000000e0000000,0x00000000eab00000,0x00000000eab00000)
  from space 174592K, 0% used [0x00000000f5580000,0x00000000f5580000,0x0000000100000000)
  to   space 174592K, 0% used [0x00000000eab00000,0x00000000eab00000,0x00000000f5580000)
 ParOldGen       total 1048576K, used 1048530K [0x00000000a0000000, 0x00000000e0000000, 0x00000000e0000000)
  object space 1048576K, 99% used [0x00000000a0000000,0x00000000dfff49b0,0x00000000e0000000)
 Metaspace       used 60323K, capacity 62450K, committed 62592K, reserved 1103872K
  class space    used 7813K, capacity 8222K, committed 8320K, reserved 1048576K
GC Heap History (10 events):
Event: 94.328 GC heap after
Heap after GC invocations=105 (full 17):
 PSYoungGen      total 349696K, used 67119K [0x00000000e0000000, 0x0000000100000000, 0x0000000100000000)
  eden space 175104K, 38% used [0x00000000e0000000,0x00000000e418be68,0x00000000eab00000)
  from space 174592K, 0% used [0x00000000f5580000,0x00000000f5580000,0x0000000100000000)
  to   space 174592K, 0% used [0x00000000eab00000,0x00000000eab00000,0x00000000f5580000)
 ParOldGen       total 1048576K, used 1048544K [0x00000000a0000000, 0x00000000e0000000, 0x00000000e0000000)
  object space 1048576K, 99% used [0x00000000a0000000,0x00000000dfff8290,0x00000000e0000000)
 Metaspace       used 60321K, capacity 62450K, committed 62592K, reserved 1103872K
  class space    used 7813K, capacity 8222K, committed 8320K, reserved 1048576K
}
Event: 94.370 GC heap before
{Heap before GC invocations=106 (full 18):
 PSYoungGen      total 349696K, used 175104K [0x00000000e0000000, 0x0000000100000000, 0x0000000100000000)
  eden space 175104K, 100% used [0x00000000e0000000,0x00000000eab00000,0x00000000eab00000)
  from space 174592K, 0% used [0x00000000f5580000,0x00000000f5580000,0x0000000100000000)
  to   space 174592K, 0% used [0x00000000eab00000,0x00000000eab00000,0x00000000f5580000)
 ParOldGen       total 1048576K, used 1048544K [0x00000000a0000000, 0x00000000e0000000, 0x00000000e0000000)
  object space 1048576K, 99% used [0x00000000a0000000,0x00000000dfff8290,0x00000000e0000000)
 Metaspace       used 60321K, capacity 62450K, committed 62592K, reserved 1103872K
  class space    used 7813K, capacity 8222K, committed 8320K, reserved 1048576K
Event: 96.680 GC heap after
Heap after GC invocations=106 (full 18):
 PSYoungGen      total 349696K, used 80552K [0x00000000e0000000, 0x0000000100000000, 0x0000000100000000)
  eden space 175104K, 46% used [0x00000000e0000000,0x00000000e4eaa1d0,0x00000000eab00000)
  from space 174592K, 0% used [0x00000000f5580000,0x00000000f5580000,0x0000000100000000)
  to   space 174592K, 0% used [0x00000000eab00000,0x00000000eab00000,0x00000000f5580000)
 ParOldGen       total 1048576K, used 1048544K [0x00000000a0000000, 0x00000000e0000000, 0x00000000e0000000)
  object space 1048576K, 99% used [0x00000000a0000000,0x00000000dfff80d0,0x00000000e0000000)
 Metaspace       used 60321K, capacity 62450K, committed 62592K, reserved 1103872K
  class space    used 7813K, capacity 8222K, committed 8320K, reserved 1048576K
}
Event: 96.723 GC heap before
{Heap before GC invocations=107 (full 19):
 PSYoungGen      total 349696K, used 175104K [0x00000000e0000000, 0x0000000100000000, 0x0000000100000000)
  eden space 175104K, 100% used [0x00000000e0000000,0x00000000eab00000,0x00000000eab00000)
  from space 174592K, 0% used [0x00000000f5580000,0x00000000f5580000,0x0000000100000000)
  to   space 174592K, 0% used [0x00000000eab00000,0x00000000eab00000,0x00000000f5580000)
 ParOldGen       total 1048576K, used 1048544K [0x00000000a0000000, 0x00000000e0000000, 0x00000000e0000000)
  object space 1048576K, 99% used [0x00000000a0000000,0x00000000dfff80d0,0x00000000e0000000)
 Metaspace       used 60321K, capacity 62450K, committed 62592K, reserved 1103872K
  class space    used 7813K, capacity 8222K, committed 8320K, reserved 1048576K
Event: 99.454 GC heap after
Heap after GC invocations=107 (full 19):
 PSYoungGen      total 349696K, used 92766K [0x00000000e0000000, 0x0000000100000000, 0x0000000100000000)
  eden space 175104K, 52% used [0x00000000e0000000,0x00000000e5a97ae0,0x00000000eab00000)
  from space 174592K, 0% used [0x00000000f5580000,0x00000000f5580000,0x0000000100000000)
  to   space 174592K, 0% used [0x00000000eab00000,0x00000000eab00000,0x00000000f5580000)
 ParOldGen       total 1048576K, used 1048531K [0x00000000a0000000, 0x00000000e0000000, 0x00000000e0000000)
  object space 1048576K, 99% used [0x00000000a0000000,0x00000000dfff4c50,0x00000000e0000000)
 Metaspace       used 60321K, capacity 62450K, committed 62592K, reserved 1103872K
  class space    used 7813K, capacity 8222K, committed 8320K, reserved 1048576K
}
Event: 99.491 GC heap before
{Heap before GC invocations=108 (full 20):
 PSYoungGen      total 349696K, used 175104K [0x00000000e0000000, 0x0000000100000000, 0x0000000100000000)
  eden space 175104K, 100% used [0x00000000e0000000,0x00000000eab00000,0x00000000eab00000)
  from space 174592K, 0% used [0x00000000f5580000,0x00000000f5580000,0x0000000100000000)
  to   space 174592K, 0% used [0x00000000eab00000,0x00000000eab00000,0x00000000f5580000)
 ParOldGen       total 1048576K, used 1048531K [0x00000000a0000000, 0x00000000e0000000, 0x00000000e0000000)
  object space 1048576K, 99% used [0x00000000a0000000,0x00000000dfff4c50,0x00000000e0000000)
 Metaspace       used 60321K, capacity 62450K, committed 62592K, reserved 1103872K
  class space    used 7813K, capacity 8222K, committed 8320K, reserved 1048576K
Event: 102.064 GC heap after
Heap after GC invocations=108 (full 20):
 PSYoungGen      total 349696K, used 103463K [0x00000000e0000000, 0x0000000100000000, 0x0000000100000000)
  eden space 175104K, 59% used [0x00000000e0000000,0x00000000e6509ec0,0x00000000eab00000)
  from space 174592K, 0% used [0x00000000f5580000,0x00000000f5580000,0x0000000100000000)
  to   space 174592K, 0% used [0x00000000eab00000,0x00000000eab00000,0x00000000f5580000)
 ParOldGen       total 1048576K, used 1048530K [0x00000000a0000000, 0x00000000e0000000, 0x00000000e0000000)
  object space 1048576K, 99% used [0x00000000a0000000,0x00000000dfff4b70,0x00000000e0000000)
 Metaspace       used 60321K, capacity 62450K, committed 62592K, reserved 1103872K
  class space    used 7813K, capacity 8222K, committed 8320K, reserved 1048576K
}
Event: 102.093 GC heap before
{Heap before GC invocations=109 (full 21):
 PSYoungGen      total 349696K, used 175104K [0x00000000e0000000, 0x0000000100000000, 0x0000000100000000)
  eden space 175104K, 100% used [0x00000000e0000000,0x00000000eab00000,0x00000000eab00000)
  from space 174592K, 0% used [0x00000000f5580000,0x00000000f5580000,0x0000000100000000)
  to   space 174592K, 0% used [0x00000000eab00000,0x00000000eab00000,0x00000000f5580000)
 ParOldGen       total 1048576K, used 1048530K [0x00000000a0000000, 0x00000000e0000000, 0x00000000e0000000)
  object space 1048576K, 99% used [0x00000000a0000000,0x00000000dfff4b70,0x00000000e0000000)
 Metaspace       used 60321K, capacity 62450K, committed 62592K, reserved 1103872K
  class space    used 7813K, capacity 8222K, committed 8320K, reserved 1048576K
Event: 104.679 GC heap after
Heap after GC invocations=109 (full 21):
 PSYoungGen      total 349696K, used 117106K [0x00000000e0000000, 0x0000000100000000, 0x0000000100000000)
  eden space 175104K, 66% used [0x00000000e0000000,0x00000000e725cad0,0x00000000eab00000)
  from space 174592K, 0% used [0x00000000f5580000,0x00000000f5580000,0x0000000100000000)
  to   space 174592K, 0% used [0x00000000eab00000,0x00000000eab00000,0x00000000f5580000)
 ParOldGen       total 1048576K, used 1048530K [0x00000000a0000000, 0x00000000e0000000, 0x00000000e0000000)
  object space 1048576K, 99% used [0x00000000a0000000,0x00000000dfff49b0,0x00000000e0000000)
 Metaspace       used 60321K, capacity 62450K, committed 62592K, reserved 1103872K
  class space    used 7813K, capacity 8222K, committed 8320K, reserved 1048576K
}
Event: 104.711 GC heap before
{Heap before GC invocations=110 (full 22):
 PSYoungGen      total 349696K, used 175104K [0x00000000e0000000, 0x0000000100000000, 0x0000000100000000)
  eden space 175104K, 100% used [0x00000000e0000000,0x00000000eab00000,0x00000000eab00000)
  from space 174592K, 0% used [0x00000000f5580000,0x00000000f5580000,0x0000000100000000)
  to   space 174592K, 0% used [0x00000000eab00000,0x00000000eab00000,0x00000000f5580000)
 ParOldGen       total 1048576K, used 1048530K [0x00000000a0000000, 0x00000000e0000000, 0x00000000e0000000)
  object space 1048576K, 99% used [0x00000000a0000000,0x00000000dfff49b0,0x00000000e0000000)
 Metaspace       used 60323K, capacity 62450K, committed 62592K, reserved 1103872K
  class space    used 7813K, capacity 8222K, committed 8320K, reserved 1048576K

